# JRE version: OpenJDK Runtime Environment (8.0_242-b01) (build 1.8.0_242-release-1644-b01)
# Java VM: OpenJDK 64-Bit Server VM (25.242-b01 mixed mode windows-amd64 compressed oops)
Heap:
 PSYoungGen      total 91136K, used 14977K [0x00000000d6000000, 0x00000000df300000, 0x0000000100000000)
  eden space 74752K, 20% used [0x00000000d6000000,0x00000000d6ea0780,0x00000000da900000)
  from space 16384K, 0% used [0x00000000db980000,0x00000000db980000,0x00000000dc980000)
  to   space 16896K, 0% used [0x00000000da900000,0x00000000da900000,0x00000000db980000)
 ParOldGen       total 66560K, used 23650K [0x0000000082000000, 0x0000000086100000, 0x00000000d6000000)
  object space 66560K, 35% used [0x0000000082000000,0x0000000083718840,0x0000000086100000)
 Metaspace       used 36450K, capacity 36970K, committed 37288K, reserved 1081344K
  class space    used 4675K, capacity 4817K, committed 4912K, reserved 1048576K
GC Heap History (10 events):
Event: 3.077 GC heap before
{Heap before GC invocations=4 (full 1):
 PSYoungGen      total 37888K, used 5104K [0x00000000d6000000, 0x00000000daa00000, 0x0000000100000000)
  eden space 32768K, 0% used [0x00000000d6000000,0x00000000d6000000,0x00000000d8000000)
  from space 5120K, 99% used [0x00000000d8000000,0x00000000d84fc010,0x00000000d8500000)
  to   space 5120K, 0% used [0x00000000da500000,0x00000000da500000,0x00000000daa00000)
 ParOldGen       total 86016K, used 11630K [0x0000000082000000, 0x0000000087400000, 0x00000000d6000000)
  object space 86016K, 13% used [0x0000000082000000,0x0000000082b5b920,0x0000000087400000)
 Metaspace       used 20821K, capacity 21188K, committed 21296K, reserved 1069056K
  class space    used 2463K, capacity 2594K, committed 2608K, reserved 1048576K
Event: 3.126 GC heap after
Heap after GC invocations=4 (full 1):
 PSYoungGen      total 37888K, used 0K [0x00000000d6000000, 0x00000000daa00000, 0x0000000100000000)
  eden space 32768K, 0% used [0x00000000d6000000,0x00000000d6000000,0x00000000d8000000)
  from space 5120K, 0% used [0x00000000d8000000,0x00000000d8000000,0x00000000d8500000)
  to   space 5120K, 0% used [0x00000000da500000,0x00000000da500000,0x00000000daa00000)
 ParOldGen       total 66560K, used 9151K [0x0000000082000000, 0x0000000086100000, 0x00000000d6000000)
  object space 66560K, 13% used [0x0000000082000000,0x00000000828effd8,0x0000000086100000)
 Metaspace       used 20821K, capacity 21188K, committed 21296K, reserved 1069056K
  class space    used 2463K, capacity 2594K, committed 2608K, reserved 1048576K
}
Event: 4.408 GC heap before
{Heap before GC invocations=5 (full 1):
 PSYoungGen      total 37888K, used 32768K [0x00000000d6000000, 0x00000000daa00000, 0x0000000100000000)
  eden space 32768K, 100% used [0x00000000d6000000,0x00000000d8000000,0x00000000d8000000)
  from space 5120K, 0% used [0x00000000d8000000,0x00000000d8000000,0x00000000d8500000)
  to   space 5120K, 0% used [0x00000000da500000,0x00000000da500000,0x00000000daa00000)
 ParOldGen       total 66560K, used 9151K [0x0000000082000000, 0x0000000086100000, 0x00000000d6000000)
  object space 66560K, 13% used [0x0000000082000000,0x00000000828effd8,0x0000000086100000)
 Metaspace       used 24908K, capacity 25358K, committed 25520K, reserved 1071104K
  class space    used 2974K, capacity 3122K, committed 3248K, reserved 1048576K
Event: 4.447 GC heap after
Heap after GC invocations=5 (full 1):
 PSYoungGen      total 54784K, used 5109K [0x00000000d6000000, 0x00000000daa00000, 0x0000000100000000)
  eden space 49664K, 0% used [0x00000000d6000000,0x00000000d6000000,0x00000000d9080000)
  from space 5120K, 99% used [0x00000000da500000,0x00000000da9fd4a8,0x00000000daa00000)
  to   space 5120K, 0% used [0x00000000da000000,0x00000000da000000,0x00000000da500000)
 ParOldGen       total 66560K, used 11891K [0x0000000082000000, 0x0000000086100000, 0x00000000d6000000)
  object space 66560K, 17% used [0x0000000082000000,0x0000000082b9cc20,0x0000000086100000)
 Metaspace       used 24908K, capacity 25358K, committed 25520K, reserved 1071104K
  class space    used 2974K, capacity 3122K, committed 3248K, reserved 1048576K
}
Event: 6.089 GC heap before
{Heap before GC invocations=6 (full 1):
 PSYoungGen      total 54784K, used 54773K [0x00000000d6000000, 0x00000000daa00000, 0x0000000100000000)
  eden space 49664K, 100% used [0x00000000d6000000,0x00000000d9080000,0x00000000d9080000)
  from space 5120K, 99% used [0x00000000da500000,0x00000000da9fd4a8,0x00000000daa00000)
  to   space 5120K, 0% used [0x00000000da000000,0x00000000da000000,0x00000000da500000)
 ParOldGen       total 66560K, used 11891K [0x0000000082000000, 0x0000000086100000, 0x00000000d6000000)
  object space 66560K, 17% used [0x0000000082000000,0x0000000082b9cc20,0x0000000086100000)
 Metaspace       used 34345K, capacity 34849K, committed 35120K, reserved 1079296K
  class space    used 4409K, capacity 4545K, committed 4656K, reserved 1048576K
Event: 6.117 GC heap after
Heap after GC invocations=6 (full 1):
 PSYoungGen      total 70656K, used 5099K [0x00000000d6000000, 0x00000000dc980000, 0x0000000100000000)
  eden space 65536K, 0% used [0x00000000d6000000,0x00000000d6000000,0x00000000da000000)
  from space 5120K, 99% used [0x00000000da000000,0x00000000da4fadb8,0x00000000da500000)
  to   space 16384K, 0% used [0x00000000db980000,0x00000000db980000,0x00000000dc980000)
 ParOldGen       total 66560K, used 24617K [0x0000000082000000, 0x0000000086100000, 0x00000000d6000000)
  object space 66560K, 36% used [0x0000000082000000,0x000000008380a7d8,0x0000000086100000)
 Metaspace       used 34345K, capacity 34849K, committed 35120K, reserved 1079296K
  class space    used 4409K, capacity 4545K, committed 4656K, reserved 1048576K
}
Event: 6.202 GC heap before
{Heap before GC invocations=7 (full 1):
 PSYoungGen      total 70656K, used 7819K [0x00000000d6000000, 0x00000000dc980000, 0x0000000100000000)
  eden space 65536K, 4% used [0x00000000d6000000,0x00000000d62a7ff8,0x00000000da000000)
  from space 5120K, 99% used [0x00000000da000000,0x00000000da4fadb8,0x00000000da500000)
  to   space 16384K, 0% used [0x00000000db980000,0x00000000db980000,0x00000000dc980000)
 ParOldGen       total 66560K, used 24617K [0x0000000082000000, 0x0000000086100000, 0x00000000d6000000)
  object space 66560K, 36% used [0x0000000082000000,0x000000008380a7d8,0x0000000086100000)
 Metaspace       used 34773K, capacity 35299K, committed 35496K, reserved 1081344K
  class space    used 4466K, capacity 4622K, committed 4656K, reserved 1048576K
Event: 6.219 GC heap after
Heap after GC invocations=7 (full 1):
 PSYoungGen      total 91136K, used 5770K [0x00000000d6000000, 0x00000000df300000, 0x0000000100000000)
  eden space 74752K, 0% used [0x00000000d6000000,0x00000000d6000000,0x00000000da900000)
  from space 16384K, 35% used [0x00000000db980000,0x00000000dbf228a0,0x00000000dc980000)
  to   space 16896K, 0% used [0x00000000da900000,0x00000000da900000,0x00000000db980000)
 ParOldGen       total 66560K, used 24625K [0x0000000082000000, 0x0000000086100000, 0x00000000d6000000)
  object space 66560K, 36% used [0x0000000082000000,0x000000008380c7d8,0x0000000086100000)
 Metaspace       used 34773K, capacity 35299K, committed 35496K, reserved 1081344K
  class space    used 4466K, capacity 4622K, committed 4656K, reserved 1048576K
}
Event: 6.220 GC heap before
{Heap before GC invocations=8 (full 2):
 PSYoungGen      total 91136K, used 5770K [0x00000000d6000000, 0x00000000df300000, 0x0000000100000000)
  eden space 74752K, 0% used [0x00000000d6000000,0x00000000d6000000,0x00000000da900000)
  from space 16384K, 35% used [0x00000000db980000,0x00000000dbf228a0,0x00000000dc980000)
  to   space 16896K, 0% used [0x00000000da900000,0x00000000da900000,0x00000000db980000)
 ParOldGen       total 66560K, used 24625K [0x0000000082000000, 0x0000000086100000, 0x00000000d6000000)
  object space 66560K, 36% used [0x0000000082000000,0x000000008380c7d8,0x0000000086100000)
 Metaspace       used 34773K, capacity 35299K, committed 35496K, reserved 1081344K
  class space    used 4466K, capacity 4622K, committed 4656K, reserved 1048576K
Event: 6.332 GC heap after
Heap after GC invocations=8 (full 2):
 PSYoungGen      total 91136K, used 0K [0x00000000d6000000, 0x00000000df300000, 0x0000000100000000)
  eden space 74752K, 0% used [0x00000000d6000000,0x00000000d6000000,0x00000000da900000)
  from space 16384K, 0% used [0x00000000db980000,0x00000000db980000,0x00000000dc980000)
  to   space 16896K, 0% used [0x00000000da900000,0x00000000da900000,0x00000000db980000)
 ParOldGen       total 66560K, used 23650K [0x0000000082000000, 0x0000000086100000, 0x00000000d6000000)
  object space 66560K, 35% used [0x0000000082000000,0x0000000083718840,0x0000000086100000)
 Metaspace       used 34773K, capacity 35299K, committed 35496K, reserved 1081344K
  class space    used 4466K, capacity 4622K, committed 4656K, reserved 1048576K
}

