# JRE version: OpenJDK Runtime Environment (8.0_242-b01) (build 1.8.0_242-release-1644-b01)
# Java VM: OpenJDK 64-Bit Server VM (25.242-b01 mixed mode windows-amd64 compressed oops)
Heap:
 PSYoungGen      total 405504K, used 78560K [0x00000000d5580000, 0x00000000f7b00000, 0x0000000100000000)
  eden space 384000K, 17% used [0x00000000d5580000,0x00000000d9812748,0x00000000ecc80000)
  from space 21504K, 48% used [0x00000000ecc80000,0x00000000ed6a5b48,0x00000000ee180000)
  to   space 20992K, 0% used [0x00000000f6680000,0x00000000f6680000,0x00000000f7b00000)
 ParOldGen       total 90112K, used 62438K [0x0000000080000000, 0x0000000085800000, 0x00000000d5580000)
  object space 90112K, 69% used [0x0000000080000000,0x0000000083cf9a40,0x0000000085800000)
 Metaspace       used 75822K, capacity 78820K, committed 79024K, reserved 1118208K
  class space    used 9956K, capacity 10543K, committed 10672K, reserved 1048576K
GC Heap History (10 events):
Event: 46.871 GC heap before
{Heap before GC invocations=14 (full 2):
 PSYoungGen      total 208896K, used 201330K [0x00000000d5580000, 0x00000000e7f80000, 0x0000000100000000)
  eden space 195072K, 100% used [0x00000000d5580000,0x00000000e1400000,0x00000000e1400000)
  from space 13824K, 45% used [0x00000000e1400000,0x00000000e1a1c880,0x00000000e2180000)
  to   space 13312K, 0% used [0x00000000e7280000,0x00000000e7280000,0x00000000e7f80000)
 ParOldGen       total 60928K, used 24168K [0x0000000080000000, 0x0000000083b80000, 0x00000000d5580000)
  object space 60928K, 39% used [0x0000000080000000,0x000000008179a198,0x0000000083b80000)
 Metaspace       used 47202K, capacity 48710K, committed 48944K, reserved 1091584K
  class space    used 6120K, capacity 6424K, committed 6448K, reserved 1048576K
Event: 46.879 GC heap after
Heap after GC invocations=14 (full 2):
 PSYoungGen      total 291840K, used 2468K [0x00000000d5580000, 0x00000000e8200000, 0x0000000100000000)
  eden space 278528K, 0% used [0x00000000d5580000,0x00000000d5580000,0x00000000e6580000)
  from space 13312K, 18% used [0x00000000e7280000,0x00000000e74e9278,0x00000000e7f80000)
  to   space 13312K, 0% used [0x00000000e6580000,0x00000000e6580000,0x00000000e7280000)
 ParOldGen       total 60928K, used 28461K [0x0000000080000000, 0x0000000083b80000, 0x00000000d5580000)
  object space 60928K, 46% used [0x0000000080000000,0x0000000081bcb6b0,0x0000000083b80000)
 Metaspace       used 47202K, capacity 48710K, committed 48944K, reserved 1091584K
  class space    used 6120K, capacity 6424K, committed 6448K, reserved 1048576K
}
Event: 51.071 GC heap before
{Heap before GC invocations=15 (full 2):
 PSYoungGen      total 291840K, used 257440K [0x00000000d5580000, 0x00000000e8200000, 0x0000000100000000)
  eden space 278528K, 91% used [0x00000000d5580000,0x00000000e4e7edb8,0x00000000e6580000)
  from space 13312K, 18% used [0x00000000e7280000,0x00000000e74e9278,0x00000000e7f80000)
  to   space 13312K, 0% used [0x00000000e6580000,0x00000000e6580000,0x00000000e7280000)
 ParOldGen       total 60928K, used 28461K [0x0000000080000000, 0x0000000083b80000, 0x00000000d5580000)
  object space 60928K, 46% used [0x0000000080000000,0x0000000081bcb6b0,0x0000000083b80000)
 Metaspace       used 57134K, capacity 59078K, committed 59160K, reserved 1101824K
  class space    used 7400K, capacity 7821K, committed 7856K, reserved 1048576K
Event: 51.101 GC heap after
Heap after GC invocations=15 (full 2):
 PSYoungGen      total 291840K, used 13291K [0x00000000d5580000, 0x00000000ef300000, 0x0000000100000000)
  eden space 278528K, 0% used [0x00000000d5580000,0x00000000d5580000,0x00000000e6580000)
  from space 13312K, 99% used [0x00000000e6580000,0x00000000e727ae50,0x00000000e7280000)
  to   space 15360K, 0% used [0x00000000ee400000,0x00000000ee400000,0x00000000ef300000)
 ParOldGen       total 60928K, used 29422K [0x0000000080000000, 0x0000000083b80000, 0x00000000d5580000)
  object space 60928K, 48% used [0x0000000080000000,0x0000000081cbb8c8,0x0000000083b80000)
 Metaspace       used 57134K, capacity 59078K, committed 59160K, reserved 1101824K
  class space    used 7400K, capacity 7821K, committed 7856K, reserved 1048576K
}
Event: 51.101 GC heap before
{Heap before GC invocations=16 (full 3):
 PSYoungGen      total 291840K, used 13291K [0x00000000d5580000, 0x00000000ef300000, 0x0000000100000000)
  eden space 278528K, 0% used [0x00000000d5580000,0x00000000d5580000,0x00000000e6580000)
  from space 13312K, 99% used [0x00000000e6580000,0x00000000e727ae50,0x00000000e7280000)
  to   space 15360K, 0% used [0x00000000ee400000,0x00000000ee400000,0x00000000ef300000)
 ParOldGen       total 60928K, used 29422K [0x0000000080000000, 0x0000000083b80000, 0x00000000d5580000)
  object space 60928K, 48% used [0x0000000080000000,0x0000000081cbb8c8,0x0000000083b80000)
 Metaspace       used 57134K, capacity 59078K, committed 59160K, reserved 1101824K
  class space    used 7400K, capacity 7821K, committed 7856K, reserved 1048576K
Event: 51.698 GC heap after
Heap after GC invocations=16 (full 3):
 PSYoungGen      total 291840K, used 0K [0x00000000d5580000, 0x00000000ef300000, 0x0000000100000000)
  eden space 278528K, 0% used [0x00000000d5580000,0x00000000d5580000,0x00000000e6580000)
  from space 13312K, 0% used [0x00000000e6580000,0x00000000e6580000,0x00000000e7280000)
  to   space 15360K, 0% used [0x00000000ee400000,0x00000000ee400000,0x00000000ef300000)
 ParOldGen       total 90112K, used 36839K [0x0000000080000000, 0x0000000085800000, 0x00000000d5580000)
  object space 90112K, 40% used [0x0000000080000000,0x00000000823f9e98,0x0000000085800000)
 Metaspace       used 57013K, capacity 58796K, committed 59160K, reserved 1101824K
  class space    used 7366K, capacity 7779K, committed 7856K, reserved 1048576K
}
Event: 88.178 GC heap before
{Heap before GC invocations=17 (full 3):
 PSYoungGen      total 291840K, used 278528K [0x00000000d5580000, 0x00000000ef300000, 0x0000000100000000)
  eden space 278528K, 100% used [0x00000000d5580000,0x00000000e6580000,0x00000000e6580000)
  from space 13312K, 0% used [0x00000000e6580000,0x00000000e6580000,0x00000000e7280000)
  to   space 15360K, 0% used [0x00000000ee400000,0x00000000ee400000,0x00000000ef300000)
 ParOldGen       total 90112K, used 36839K [0x0000000080000000, 0x0000000085800000, 0x00000000d5580000)
  object space 90112K, 40% used [0x0000000080000000,0x00000000823f9e98,0x0000000085800000)
 Metaspace       used 72701K, capacity 75182K, committed 75440K, reserved 1114112K
  class space    used 9620K, capacity 10128K, committed 10160K, reserved 1048576K
Event: 88.251 GC heap after
Heap after GC invocations=17 (full 3):
 PSYoungGen      total 399360K, used 15343K [0x00000000d5580000, 0x00000000ef680000, 0x0000000100000000)
  eden space 384000K, 0% used [0x00000000d5580000,0x00000000d5580000,0x00000000ecc80000)
  from space 15360K, 99% used [0x00000000ee400000,0x00000000ef2fbfb8,0x00000000ef300000)
  to   space 21504K, 0% used [0x00000000ecc80000,0x00000000ecc80000,0x00000000ee180000)
 ParOldGen       total 90112K, used 47682K [0x0000000080000000, 0x0000000085800000, 0x00000000d5580000)
  object space 90112K, 52% used [0x0000000080000000,0x0000000082e90950,0x0000000085800000)
 Metaspace       used 72701K, capacity 75182K, committed 75440K, reserved 1114112K
  class space    used 9620K, capacity 10128K, committed 10160K, reserved 1048576K
}
Event: 102.588 GC heap before
{Heap before GC invocations=18 (full 3):
 PSYoungGen      total 399360K, used 399343K [0x00000000d5580000, 0x00000000ef680000, 0x0000000100000000)
  eden space 384000K, 100% used [0x00000000d5580000,0x00000000ecc80000,0x00000000ecc80000)
  from space 15360K, 99% used [0x00000000ee400000,0x00000000ef2fbfb8,0x00000000ef300000)
  to   space 21504K, 0% used [0x00000000ecc80000,0x00000000ecc80000,0x00000000ee180000)
 ParOldGen       total 90112K, used 47682K [0x0000000080000000, 0x0000000085800000, 0x00000000d5580000)
  object space 90112K, 52% used [0x0000000080000000,0x0000000082e90950,0x0000000085800000)
 Metaspace       used 75489K, capacity 78482K, committed 78768K, reserved 1118208K
  class space    used 9938K, capacity 10540K, committed 10672K, reserved 1048576K
Event: 102.757 GC heap after
Heap after GC invocations=18 (full 3):
 PSYoungGen      total 405504K, used 10390K [0x00000000d5580000, 0x00000000f7b00000, 0x0000000100000000)
  eden space 384000K, 0% used [0x00000000d5580000,0x00000000d5580000,0x00000000ecc80000)
  from space 21504K, 48% used [0x00000000ecc80000,0x00000000ed6a5b48,0x00000000ee180000)
  to   space 20992K, 0% used [0x00000000f6680000,0x00000000f6680000,0x00000000f7b00000)
 ParOldGen       total 90112K, used 62438K [0x0000000080000000, 0x0000000085800000, 0x00000000d5580000)
  object space 90112K, 69% used [0x0000000080000000,0x0000000083cf9a40,0x0000000085800000)
 Metaspace       used 75489K, capacity 78482K, committed 78768K, reserved 1118208K
  class space    used 9938K, capacity 10540K, committed 10672K, reserved 1048576K
}

