# JRE version: OpenJDK Runtime Environment (8.0_242-b01) (build 1.8.0_242-release-1644-b01)
# Java VM: OpenJDK 64-Bit Server VM (25.242-b01 mixed mode windows-amd64 compressed oops)
Heap:
 PSYoungGen      total 443904K, used 323275K [0x00000000d5580000, 0x00000000f6300000, 0x0000000100000000)
  eden space 410112K, 76% used [0x00000000d5580000,0x00000000e8863418,0x00000000ee600000)
  from space 33792K, 26% used [0x00000000ee600000,0x00000000eeecf870,0x00000000f0700000)
  to   space 32256K, 0% used [0x00000000f4380000,0x00000000f4380000,0x00000000f6300000)
 ParOldGen       total 98304K, used 60922K [0x0000000080000000, 0x0000000086000000, 0x00000000d5580000)
  object space 98304K, 61% used [0x0000000080000000,0x0000000083b7ebc8,0x0000000086000000)
 Metaspace       used 98162K, capacity 103002K, committed 103192K, reserved 1138688K
  class space    used 12656K, capacity 13573K, committed 13608K, reserved 1048576K
GC Heap History (10 events):
Event: 31.788 GC heap before
{Heap before GC invocations=17 (full 3):
 PSYoungGen      total 278016K, used 277555K [0x00000000d5580000, 0x00000000ed200000, 0x0000000100000000)
  eden space 256512K, 100% used [0x00000000d5580000,0x00000000e5000000,0x00000000e5000000)
  from space 21504K, 97% used [0x00000000e5000000,0x00000000e648cd30,0x00000000e6500000)
  to   space 24576K, 0% used [0x00000000eba00000,0x00000000eba00000,0x00000000ed200000)
 ParOldGen       total 98304K, used 49248K [0x0000000080000000, 0x0000000086000000, 0x00000000d5580000)
  object space 98304K, 50% used [0x0000000080000000,0x0000000083018058,0x0000000086000000)
 Metaspace       used 77743K, capacity 81308K, committed 81432K, reserved 1120256K
  class space    used 10513K, capacity 11201K, committed 11304K, reserved 1048576K
Event: 31.818 GC heap after
Heap after GC invocations=17 (full 3):
 PSYoungGen      total 348672K, used 13634K [0x00000000d5580000, 0x00000000ec980000, 0x0000000100000000)
  eden space 332800K, 0% used [0x00000000d5580000,0x00000000d5580000,0x00000000e9a80000)
  from space 15872K, 85% used [0x00000000eba00000,0x00000000ec7508f0,0x00000000ec980000)
  to   space 24064K, 0% used [0x00000000e9a80000,0x00000000e9a80000,0x00000000eb200000)
 ParOldGen       total 98304K, used 59671K [0x0000000080000000, 0x0000000086000000, 0x00000000d5580000)
  object space 98304K, 60% used [0x0000000080000000,0x0000000083a45f50,0x0000000086000000)
 Metaspace       used 77743K, capacity 81308K, committed 81432K, reserved 1120256K
  class space    used 10513K, capacity 11201K, committed 11304K, reserved 1048576K
}
Event: 898.926 GC heap before
{Heap before GC invocations=18 (full 3):
 PSYoungGen      total 348672K, used 346434K [0x00000000d5580000, 0x00000000ec980000, 0x0000000100000000)
  eden space 332800K, 100% used [0x00000000d5580000,0x00000000e9a80000,0x00000000e9a80000)
  from space 15872K, 85% used [0x00000000eba00000,0x00000000ec7508f0,0x00000000ec980000)
  to   space 24064K, 0% used [0x00000000e9a80000,0x00000000e9a80000,0x00000000eb200000)
 ParOldGen       total 98304K, used 59671K [0x0000000080000000, 0x0000000086000000, 0x00000000d5580000)
  object space 98304K, 60% used [0x0000000080000000,0x0000000083a45f50,0x0000000086000000)
 Metaspace       used 90263K, capacity 94640K, committed 94872K, reserved 1132544K
  class space    used 11823K, capacity 12688K, committed 12712K, reserved 1048576K
Event: 899.436 GC heap after
Heap after GC invocations=18 (full 3):
 PSYoungGen      total 356864K, used 24038K [0x00000000d5580000, 0x00000000f3080000, 0x0000000100000000)
  eden space 332800K, 0% used [0x00000000d5580000,0x00000000d5580000,0x00000000e9a80000)
  from space 24064K, 99% used [0x00000000e9a80000,0x00000000eb1f9ba8,0x00000000eb200000)
  to   space 34304K, 0% used [0x00000000f0f00000,0x00000000f0f00000,0x00000000f3080000)
 ParOldGen       total 98304K, used 77237K [0x0000000080000000, 0x0000000086000000, 0x00000000d5580000)
  object space 98304K, 78% used [0x0000000080000000,0x0000000084b6d448,0x0000000086000000)
 Metaspace       used 90263K, capacity 94640K, committed 94872K, reserved 1132544K
  class space    used 11823K, capacity 12688K, committed 12712K, reserved 1048576K
}
Event: 914.248 GC heap before
{Heap before GC invocations=19 (full 3):
 PSYoungGen      total 356864K, used 135642K [0x00000000d5580000, 0x00000000f3080000, 0x0000000100000000)
  eden space 332800K, 33% used [0x00000000d5580000,0x00000000dc27ce40,0x00000000e9a80000)
  from space 24064K, 99% used [0x00000000e9a80000,0x00000000eb1f9ba8,0x00000000eb200000)
  to   space 34304K, 0% used [0x00000000f0f00000,0x00000000f0f00000,0x00000000f3080000)
 ParOldGen       total 98304K, used 77237K [0x0000000080000000, 0x0000000086000000, 0x00000000d5580000)
  object space 98304K, 78% used [0x0000000080000000,0x0000000084b6d448,0x0000000086000000)
 Metaspace       used 94041K, capacity 98550K, committed 98584K, reserved 1134592K
  class space    used 12204K, capacity 13091K, committed 13096K, reserved 1048576K
Event: 914.370 GC heap after
Heap after GC invocations=19 (full 3):
 PSYoungGen      total 435712K, used 5672K [0x00000000d5580000, 0x00000000f2800000, 0x0000000100000000)
  eden space 410112K, 0% used [0x00000000d5580000,0x00000000d5580000,0x00000000ee600000)
  from space 25600K, 22% used [0x00000000f0f00000,0x00000000f148a140,0x00000000f2800000)
  to   space 33792K, 0% used [0x00000000ee600000,0x00000000ee600000,0x00000000f0700000)
 ParOldGen       total 98304K, used 89385K [0x0000000080000000, 0x0000000086000000, 0x00000000d5580000)
  object space 98304K, 90% used [0x0000000080000000,0x000000008574a4e0,0x0000000086000000)
 Metaspace       used 94041K, capacity 98550K, committed 98584K, reserved 1134592K
  class space    used 12204K, capacity 13091K, committed 13096K, reserved 1048576K
}
Event: 914.370 GC heap before
{Heap before GC invocations=20 (full 4):
 PSYoungGen      total 435712K, used 5672K [0x00000000d5580000, 0x00000000f2800000, 0x0000000100000000)
  eden space 410112K, 0% used [0x00000000d5580000,0x00000000d5580000,0x00000000ee600000)
  from space 25600K, 22% used [0x00000000f0f00000,0x00000000f148a140,0x00000000f2800000)
  to   space 33792K, 0% used [0x00000000ee600000,0x00000000ee600000,0x00000000f0700000)
 ParOldGen       total 98304K, used 89385K [0x0000000080000000, 0x0000000086000000, 0x00000000d5580000)
  object space 98304K, 90% used [0x0000000080000000,0x000000008574a4e0,0x0000000086000000)
 Metaspace       used 94041K, capacity 98550K, committed 98584K, reserved 1134592K
  class space    used 12204K, capacity 13091K, committed 13096K, reserved 1048576K
Event: 915.765 GC heap after
Heap after GC invocations=20 (full 4):
 PSYoungGen      total 435712K, used 0K [0x00000000d5580000, 0x00000000f2800000, 0x0000000100000000)
  eden space 410112K, 0% used [0x00000000d5580000,0x00000000d5580000,0x00000000ee600000)
  from space 25600K, 0% used [0x00000000f0f00000,0x00000000f0f00000,0x00000000f2800000)
  to   space 33792K, 0% used [0x00000000ee600000,0x00000000ee600000,0x00000000f0700000)
 ParOldGen       total 98304K, used 60914K [0x0000000080000000, 0x0000000086000000, 0x00000000d5580000)
  object space 98304K, 61% used [0x0000000080000000,0x0000000083b7cbc8,0x0000000086000000)
 Metaspace       used 93864K, capacity 98016K, committed 98584K, reserved 1134592K
  class space    used 12147K, capacity 12990K, committed 13096K, reserved 1048576K
}
Event: 1005.787 GC heap before
{Heap before GC invocations=21 (full 4):
 PSYoungGen      total 435712K, used 410112K [0x00000000d5580000, 0x00000000f2800000, 0x0000000100000000)
  eden space 410112K, 100% used [0x00000000d5580000,0x00000000ee600000,0x00000000ee600000)
  from space 25600K, 0% used [0x00000000f0f00000,0x00000000f0f00000,0x00000000f2800000)
  to   space 33792K, 0% used [0x00000000ee600000,0x00000000ee600000,0x00000000f0700000)
 ParOldGen       total 98304K, used 60914K [0x0000000080000000, 0x0000000086000000, 0x00000000d5580000)
  object space 98304K, 61% used [0x0000000080000000,0x0000000083b7cbc8,0x0000000086000000)
 Metaspace       used 96489K, capacity 101102K, committed 101272K, reserved 1136640K
  class space    used 12467K, capacity 13361K, committed 13480K, reserved 1048576K
Event: 1005.884 GC heap after
Heap after GC invocations=21 (full 4):
 PSYoungGen      total 443904K, used 9022K [0x00000000d5580000, 0x00000000f6300000, 0x0000000100000000)
  eden space 410112K, 0% used [0x00000000d5580000,0x00000000d5580000,0x00000000ee600000)
  from space 33792K, 26% used [0x00000000ee600000,0x00000000eeecf870,0x00000000f0700000)
  to   space 32256K, 0% used [0x00000000f4380000,0x00000000f4380000,0x00000000f6300000)
 ParOldGen       total 98304K, used 60922K [0x0000000080000000, 0x0000000086000000, 0x00000000d5580000)
  object space 98304K, 61% used [0x0000000080000000,0x0000000083b7ebc8,0x0000000086000000)
 Metaspace       used 96489K, capacity 101102K, committed 101272K, reserved 1136640K
  class space    used 12467K, capacity 13361K, committed 13480K, reserved 1048576K
}

