# JRE version: OpenJDK Runtime Environment (8.0_242-b01) (build 1.8.0_242-release-1644-b01)
# Java VM: OpenJDK 64-Bit Server VM (25.242-b01 mixed mode windows-amd64 compressed oops)
Heap:
 PSYoungGen      total 111104K, used 6155K [0x00000000d5580000, 0x00000000dcd80000, 0x0000000100000000)
  eden space 100352K, 6% used [0x00000000d5580000,0x00000000d5b82e08,0x00000000db780000)
  from space 10752K, 0% used [0x00000000dc300000,0x00000000dc300000,0x00000000dcd80000)
  to   space 11264K, 0% used [0x00000000db780000,0x00000000db780000,0x00000000dc280000)
 ParOldGen       total 45568K, used 14415K [0x0000000080000000, 0x0000000082c80000, 0x00000000d5580000)
  object space 45568K, 31% used [0x0000000080000000,0x0000000080e13f68,0x0000000082c80000)
 Metaspace       used 34900K, capacity 35794K, committed 36016K, reserved 1081344K
  class space    used 4613K, capacity 4915K, committed 5040K, reserved 1048576K
GC Heap History (10 events):
Event: 7.704 GC heap before
{Heap before GC invocations=8 (full 1):
 PSYoungGen      total 75776K, used 4160K [0x00000000d5580000, 0x00000000dab80000, 0x0000000100000000)
  eden space 64512K, 0% used [0x00000000d5580000,0x00000000d5580000,0x00000000d9480000)
  from space 11264K, 36% used [0x00000000d9480000,0x00000000d9890030,0x00000000d9f80000)
  to   space 10240K, 0% used [0x00000000d9f80000,0x00000000d9f80000,0x00000000da980000)
 ParOldGen       total 86016K, used 9142K [0x0000000080000000, 0x0000000085400000, 0x00000000d5580000)
  object space 86016K, 10% used [0x0000000080000000,0x00000000808edaf0,0x0000000085400000)
 Metaspace       used 20522K, capacity 21226K, committed 21296K, reserved 1067008K
  class space    used 2880K, capacity 3097K, committed 3120K, reserved 1048576K
Event: 7.751 GC heap after
Heap after GC invocations=8 (full 1):
 PSYoungGen      total 75776K, used 0K [0x00000000d5580000, 0x00000000dab80000, 0x0000000100000000)
  eden space 64512K, 0% used [0x00000000d5580000,0x00000000d5580000,0x00000000d9480000)
  from space 11264K, 0% used [0x00000000d9480000,0x00000000d9480000,0x00000000d9f80000)
  to   space 10240K, 0% used [0x00000000d9f80000,0x00000000d9f80000,0x00000000da980000)
 ParOldGen       total 45568K, used 7091K [0x0000000080000000, 0x0000000082c80000, 0x00000000d5580000)
  object space 45568K, 15% used [0x0000000080000000,0x00000000806ece40,0x0000000082c80000)
 Metaspace       used 20522K, capacity 21226K, committed 21296K, reserved 1067008K
  class space    used 2880K, capacity 3097K, committed 3120K, reserved 1048576K
}
Event: 9.095 GC heap before
{Heap before GC invocations=9 (full 1):
 PSYoungGen      total 75776K, used 64512K [0x00000000d5580000, 0x00000000dab80000, 0x0000000100000000)
  eden space 64512K, 100% used [0x00000000d5580000,0x00000000d9480000,0x00000000d9480000)
  from space 11264K, 0% used [0x00000000d9480000,0x00000000d9480000,0x00000000d9f80000)
  to   space 10240K, 0% used [0x00000000d9f80000,0x00000000d9f80000,0x00000000da980000)
 ParOldGen       total 45568K, used 7091K [0x0000000080000000, 0x0000000082c80000, 0x00000000d5580000)
  object space 45568K, 15% used [0x0000000080000000,0x00000000806ece40,0x0000000082c80000)
 Metaspace       used 28071K, capacity 28812K, committed 28976K, reserved 1075200K
  class space    used 3869K, capacity 4107K, committed 4144K, reserved 1048576K
Event: 9.101 GC heap after
Heap after GC invocations=9 (full 1):
 PSYoungGen      total 74752K, used 7789K [0x00000000d5580000, 0x00000000dab80000, 0x0000000100000000)
  eden space 64512K, 0% used [0x00000000d5580000,0x00000000d5580000,0x00000000d9480000)
  from space 10240K, 76% used [0x00000000d9f80000,0x00000000da71b438,0x00000000da980000)
  to   space 11264K, 0% used [0x00000000d9480000,0x00000000d9480000,0x00000000d9f80000)
 ParOldGen       total 45568K, used 7099K [0x0000000080000000, 0x0000000082c80000, 0x00000000d5580000)
  object space 45568K, 15% used [0x0000000080000000,0x00000000806eee40,0x0000000082c80000)
 Metaspace       used 28071K, capacity 28812K, committed 28976K, reserved 1075200K
  class space    used 3869K, capacity 4107K, committed 4144K, reserved 1048576K
}
Event: 10.617 GC heap before
{Heap before GC invocations=10 (full 1):
 PSYoungGen      total 74752K, used 72301K [0x00000000d5580000, 0x00000000dab80000, 0x0000000100000000)
  eden space 64512K, 100% used [0x00000000d5580000,0x00000000d9480000,0x00000000d9480000)
  from space 10240K, 76% used [0x00000000d9f80000,0x00000000da71b438,0x00000000da980000)
  to   space 11264K, 0% used [0x00000000d9480000,0x00000000d9480000,0x00000000d9f80000)
 ParOldGen       total 45568K, used 7099K [0x0000000080000000, 0x0000000082c80000, 0x00000000d5580000)
  object space 45568K, 15% used [0x0000000080000000,0x00000000806eee40,0x0000000082c80000)
 Metaspace       used 32451K, capacity 33320K, committed 33456K, reserved 1077248K
  class space    used 4399K, capacity 4675K, committed 4784K, reserved 1048576K
Event: 10.631 GC heap after
Heap after GC invocations=10 (full 1):
 PSYoungGen      total 75776K, used 8283K [0x00000000d5580000, 0x00000000dce00000, 0x0000000100000000)
  eden space 64512K, 0% used [0x00000000d5580000,0x00000000d5580000,0x00000000d9480000)
  from space 11264K, 73% used [0x00000000d9480000,0x00000000d9c96e10,0x00000000d9f80000)
  to   space 11264K, 0% used [0x00000000dc300000,0x00000000dc300000,0x00000000dce00000)
 ParOldGen       total 45568K, used 7107K [0x0000000080000000, 0x0000000082c80000, 0x00000000d5580000)
  object space 45568K, 15% used [0x0000000080000000,0x00000000806f0e40,0x0000000082c80000)
 Metaspace       used 32451K, capacity 33320K, committed 33456K, reserved 1077248K
  class space    used 4399K, capacity 4675K, committed 4784K, reserved 1048576K
}
Event: 11.093 GC heap before
{Heap before GC invocations=11 (full 1):
 PSYoungGen      total 75776K, used 21323K [0x00000000d5580000, 0x00000000dce00000, 0x0000000100000000)
  eden space 64512K, 20% used [0x00000000d5580000,0x00000000d623c0a8,0x00000000d9480000)
  from space 11264K, 73% used [0x00000000d9480000,0x00000000d9c96e10,0x00000000d9f80000)
  to   space 11264K, 0% used [0x00000000dc300000,0x00000000dc300000,0x00000000dce00000)
 ParOldGen       total 45568K, used 7107K [0x0000000080000000, 0x0000000082c80000, 0x00000000d5580000)
  object space 45568K, 15% used [0x0000000080000000,0x00000000806f0e40,0x0000000082c80000)
 Metaspace       used 34521K, capacity 35354K, committed 35496K, reserved 1079296K
  class space    used 4575K, capacity 4838K, committed 4912K, reserved 1048576K
Event: 11.106 GC heap after
Heap after GC invocations=11 (full 1):
 PSYoungGen      total 111104K, used 4733K [0x00000000d5580000, 0x00000000dcd80000, 0x0000000100000000)
  eden space 100352K, 0% used [0x00000000d5580000,0x00000000d5580000,0x00000000db780000)
  from space 10752K, 44% used [0x00000000dc300000,0x00000000dc79f4f0,0x00000000dcd80000)
  to   space 11264K, 0% used [0x00000000db780000,0x00000000db780000,0x00000000dc280000)
 ParOldGen       total 45568K, used 10039K [0x0000000080000000, 0x0000000082c80000, 0x00000000d5580000)
  object space 45568K, 22% used [0x0000000080000000,0x00000000809cde58,0x0000000082c80000)
 Metaspace       used 34521K, capacity 35354K, committed 35496K, reserved 1079296K
  class space    used 4575K, capacity 4838K, committed 4912K, reserved 1048576K
}
Event: 11.106 GC heap before
{Heap before GC invocations=12 (full 2):
 PSYoungGen      total 111104K, used 4733K [0x00000000d5580000, 0x00000000dcd80000, 0x0000000100000000)
  eden space 100352K, 0% used [0x00000000d5580000,0x00000000d5580000,0x00000000db780000)
  from space 10752K, 44% used [0x00000000dc300000,0x00000000dc79f4f0,0x00000000dcd80000)
  to   space 11264K, 0% used [0x00000000db780000,0x00000000db780000,0x00000000dc280000)
 ParOldGen       total 45568K, used 10039K [0x0000000080000000, 0x0000000082c80000, 0x00000000d5580000)
  object space 45568K, 22% used [0x0000000080000000,0x00000000809cde58,0x0000000082c80000)
 Metaspace       used 34521K, capacity 35354K, committed 35496K, reserved 1079296K
  class space    used 4575K, capacity 4838K, committed 4912K, reserved 1048576K
Event: 11.228 GC heap after
Heap after GC invocations=12 (full 2):
 PSYoungGen      total 111104K, used 0K [0x00000000d5580000, 0x00000000dcd80000, 0x0000000100000000)
  eden space 100352K, 0% used [0x00000000d5580000,0x00000000d5580000,0x00000000db780000)
  from space 10752K, 0% used [0x00000000dc300000,0x00000000dc300000,0x00000000dcd80000)
  to   space 11264K, 0% used [0x00000000db780000,0x00000000db780000,0x00000000dc280000)
 ParOldGen       total 45568K, used 14415K [0x0000000080000000, 0x0000000082c80000, 0x00000000d5580000)
  object space 45568K, 31% used [0x0000000080000000,0x0000000080e13f68,0x0000000082c80000)
 Metaspace       used 34521K, capacity 35354K, committed 35496K, reserved 1079296K
  class space    used 4575K, capacity 4838K, committed 4912K, reserved 1048576K
}

